2026-06-01 00:05:06 [HikariPoolPM housekeeper] WARN  com.zaxxer.hikari.pool.HikariPool - HikariPoolPM - Thread starvation or clock leap detected (housekeeper delta=7m16s416ms).
2026-06-01 00:06:46 [MessageBroker-5] DEBUG org.hibernate.SQL - 
    /* <criteria> */ select
        s1_0.id,
        s1_0.created_at,
        s1_0.created_by,
        s1_0.end_date,
        s1_0.goal,
        s1_0.name,
        s1_0.project_id,
        s1_0.start_date,
        s1_0.status,
        s1_0.updated_at,
        s1_0.updated_by 
    from
        sprints s1_0 
    where
        s1_0.status=? 
        and s1_0.end_date<?
2026-06-01 00:34:08 [MessageBroker-8] INFO  o.s.w.s.c.WebSocketMessageBrokerStats - WebSocketSession[2 current WS(2)-HttpStream(0)-HttpPoll(0), 4 total, 0 closed abnormally (0 connect failure, 0 send limit, 2 transport error)], stompSubProtocol[processed CONNECT(4)-CONNECTED(4)-DISCONNECT(0)], stompBrokerRelay[null], inboundChannel[pool size = 0, active threads = 0, queued tasks = 0, completed tasks = 42], outboundChannel[pool size = 0, active threads = 0, queued tasks = 0, completed tasks = 6], sockJsScheduler[pool size = 8, active threads = 1, queued tasks = 5, completed tasks = 3045]
2026-06-01 01:04:08 [MessageBroker-8] INFO  o.s.w.s.c.WebSocketMessageBrokerStats - WebSocketSession[2 current WS(2)-HttpStream(0)-HttpPoll(0), 4 total, 0 closed abnormally (0 connect failure, 0 send limit, 2 transport error)], stompSubProtocol[processed CONNECT(4)-CONNECTED(4)-DISCONNECT(0)], stompBrokerRelay[null], inboundChannel[pool size = 0, active threads = 0, queued tasks = 0, completed tasks = 42], outboundChannel[pool size = 0, active threads = 0, queued tasks = 0, completed tasks = 6], sockJsScheduler[pool size = 8, active threads = 1, queued tasks = 5, completed tasks = 3550]
2026-06-01 01:22:18 [http-nio-9989-exec-8] DEBUG org.hibernate.SQL - 
    /* <criteria> */ select
        u1_0.id,
        u1_0.created_at,
        u1_0.created_by,
        u1_0.email,
        u1_0.is_active,
        u1_0.is_email_verified,
        u1_0.name,
        u1_0.password,
        u1_0.profile_pic,
        u1_0.refresh_token,
        u1_0.role,
        u1_0.updated_at,
        u1_0.updated_by 
    from
        users u1_0 
    where
        u1_0.email=?
2026-06-01 01:22:18 [http-nio-9989-exec-8] INFO  c.p.config.WebSocketConfig - WS Connected: Gaurav9417@GMAIL.COM
2026-06-01 01:22:18 [http-nio-9989-exec-2] DEBUG org.hibernate.SQL - 
    /* <criteria> */ select
        u1_0.id,
        u1_0.created_at,
        u1_0.created_by,
        u1_0.email,
        u1_0.is_active,
        u1_0.is_email_verified,
        u1_0.name,
        u1_0.password,
        u1_0.profile_pic,
        u1_0.refresh_token,
        u1_0.role,
        u1_0.updated_at,
        u1_0.updated_by 
    from
        users u1_0 
    where
        u1_0.email=?
2026-06-01 01:22:18 [http-nio-9989-exec-2] INFO  c.p.config.WebSocketConfig - WS Connected: Gaurav9417@GMAIL.COM
2026-06-01 01:37:35 [HikariPoolPM housekeeper] WARN  com.zaxxer.hikari.pool.HikariPool - HikariPoolPM - Thread starvation or clock leap detected (housekeeper delta=15m28s390ms).
2026-06-01 01:49:07 [MessageBroker-2] INFO  o.s.w.s.c.WebSocketMessageBrokerStats - WebSocketSession[2 current WS(2)-HttpStream(0)-HttpPoll(0), 6 total, 0 closed abnormally (0 connect failure, 0 send limit, 4 transport error)], stompSubProtocol[processed CONNECT(6)-CONNECTED(6)-DISCONNECT(0)], stompBrokerRelay[null], inboundChannel[pool size = 0, active threads = 0, queued tasks = 0, completed tasks = 66], outboundChannel[pool size = 0, active threads = 0, queued tasks = 0, completed tasks = 10], sockJsScheduler[pool size = 8, active threads = 1, queued tasks = 5, completed tasks = 4055]
2026-06-01 02:19:07 [MessageBroker-8] INFO  o.s.w.s.c.WebSocketMessageBrokerStats - WebSocketSession[2 current WS(2)-HttpStream(0)-HttpPoll(0), 6 total, 0 closed abnormally (0 connect failure, 0 send limit, 4 transport error)], stompSubProtocol[processed CONNECT(6)-CONNECTED(6)-DISCONNECT(0)], stompBrokerRelay[null], inboundChannel[pool size = 0, active threads = 0, queued tasks = 0, completed tasks = 66], outboundChannel[pool size = 0, active threads = 0, queued tasks = 0, completed tasks = 10], sockJsScheduler[pool size = 8, active threads = 1, queued tasks = 5, completed tasks = 4560]
2026-06-01 02:47:19 [http-nio-9989-exec-7] DEBUG org.hibernate.SQL - 
    /* <criteria> */ select
        u1_0.id,
        u1_0.created_at,
        u1_0.created_by,
        u1_0.email,
        u1_0.is_active,
        u1_0.is_email_verified,
        u1_0.name,
        u1_0.password,
        u1_0.profile_pic,
        u1_0.refresh_token,
        u1_0.role,
        u1_0.updated_at,
        u1_0.updated_by 
    from
        users u1_0 
    where
        u1_0.email=?
2026-06-01 02:47:19 [http-nio-9989-exec-8] DEBUG org.hibernate.SQL - 
    /* <criteria> */ select
        u1_0.id,
        u1_0.created_at,
        u1_0.created_by,
        u1_0.email,
        u1_0.is_active,
        u1_0.is_email_verified,
        u1_0.name,
        u1_0.password,
        u1_0.profile_pic,
        u1_0.refresh_token,
        u1_0.role,
        u1_0.updated_at,
        u1_0.updated_by 
    from
        users u1_0 
    where
        u1_0.email=?
2026-06-01 02:47:19 [http-nio-9989-exec-9] DEBUG org.hibernate.SQL - 
    /* <criteria> */ select
        u1_0.id,
        u1_0.created_at,
        u1_0.created_by,
        u1_0.email,
        u1_0.is_active,
        u1_0.is_email_verified,
        u1_0.name,
        u1_0.password,
        u1_0.profile_pic,
        u1_0.refresh_token,
        u1_0.role,
        u1_0.updated_at,
        u1_0.updated_by 
    from
        users u1_0 
    where
        u1_0.email=?
2026-06-01 02:47:19 [http-nio-9989-exec-5] DEBUG org.hibernate.SQL - 
    /* <criteria> */ select
        u1_0.id,
        u1_0.created_at,
        u1_0.created_by,
        u1_0.email,
        u1_0.is_active,
        u1_0.is_email_verified,
        u1_0.name,
        u1_0.password,
        u1_0.profile_pic,
        u1_0.refresh_token,
        u1_0.role,
        u1_0.updated_at,
        u1_0.updated_by 
    from
        users u1_0 
    where
        u1_0.email=?
2026-06-01 02:47:19 [http-nio-9989-exec-10] DEBUG org.hibernate.SQL - 
    /* <criteria> */ select
        u1_0.id,
        u1_0.created_at,
        u1_0.created_by,
        u1_0.email,
        u1_0.is_active,
        u1_0.is_email_verified,
        u1_0.name,
        u1_0.password,
        u1_0.profile_pic,
        u1_0.refresh_token,
        u1_0.role,
        u1_0.updated_at,
        u1_0.updated_by 
    from
        users u1_0 
    where
        u1_0.email=?
2026-06-01 02:47:19 [http-nio-9989-exec-3] DEBUG org.hibernate.SQL - 
    /* <criteria> */ select
        u1_0.id,
        u1_0.created_at,
        u1_0.created_by,
        u1_0.email,
        u1_0.is_active,
        u1_0.is_email_verified,
        u1_0.name,
        u1_0.password,
        u1_0.profile_pic,
        u1_0.refresh_token,
        u1_0.role,
        u1_0.updated_at,
        u1_0.updated_by 
    from
        users u1_0 
    where
        u1_0.email=?
2026-06-01 02:47:19 [http-nio-9989-exec-6] DEBUG org.hibernate.SQL - 
    /* <criteria> */ select
        u1_0.id,
        u1_0.created_at,
        u1_0.created_by,
        u1_0.email,
        u1_0.is_active,
        u1_0.is_email_verified,
        u1_0.name,
        u1_0.password,
        u1_0.profile_pic,
        u1_0.refresh_token,
        u1_0.role,
        u1_0.updated_at,
        u1_0.updated_by 
    from
        users u1_0 
    where
        u1_0.email=?
2026-06-01 02:47:19 [http-nio-9989-exec-6] INFO  c.p.config.WebSocketConfig - WS Connected: Gaurav9417@GMAIL.COM
2026-06-01 02:47:20 [http-nio-9989-exec-3] DEBUG org.hibernate.SQL - 
    /* <criteria> */ select
        t1_0.id,
        t1_0.assigned_to,
        t1_0.created_at,
        t1_0.created_by,
        t1_0.description,
        t1_0.due_date,
        t1_0.position,
        t1_0.priority,
        t1_0.project_id,
        t1_0.reporter_id,
        t1_0.sprint_id,
        t1_0.status,
        t1_0.story_points,
        t1_0.title,
        t1_0.task_type,
        t1_0.updated_at,
        t1_0.updated_by 
    from
        tasks t1_0 
    where
        t1_0.assigned_to=?
2026-06-01 02:47:20 [http-nio-9989-exec-8] DEBUG org.hibernate.SQL - 
    /* <criteria> */ select
        count(n1_0.id) 
    from
        notifications n1_0 
    where
        n1_0.user_id=? 
        and n1_0.is_read=?
2026-06-01 02:47:20 [http-nio-9989-exec-9] DEBUG org.hibernate.SQL - 
    /* <criteria> */ select
        count(n1_0.id) 
    from
        notifications n1_0 
    where
        n1_0.user_id=? 
        and n1_0.is_read=?
2026-06-01 02:47:20 [http-nio-9989-exec-5] DEBUG org.hibernate.SQL - 
    /* <criteria> */ select
        count(n1_0.id) 
    from
        notifications n1_0 
    where
        n1_0.user_id=? 
        and n1_0.is_read=?
2026-06-01 02:47:20 [http-nio-9989-exec-7] DEBUG org.hibernate.SQL - 
    /* <criteria> */ select
        al1_0.id,
        al1_0.action,
        al1_0.created_at,
        al1_0.created_by,
        al1_0.entity_id,
        al1_0.entity_type,
        al1_0.new_value,
        al1_0.old_value,
        al1_0.project_id,
        al1_0.updated_at,
        al1_0.updated_by,
        al1_0.user_id 
    from
        activity_logs al1_0 
    where
        al1_0.user_id=? 
    order by
        al1_0.created_at desc,
        al1_0.created_at desc 
    offset
        ? rows 
    fetch
        first ? rows only
2026-06-01 02:47:20 [http-nio-9989-exec-4] DEBUG org.hibernate.SQL - 
    /* <criteria> */ select
        u1_0.id,
        u1_0.created_at,
        u1_0.created_by,
        u1_0.email,
        u1_0.is_active,
        u1_0.is_email_verified,
        u1_0.name,
        u1_0.password,
        u1_0.profile_pic,
        u1_0.refresh_token,
        u1_0.role,
        u1_0.updated_at,
        u1_0.updated_by 
    from
        users u1_0 
    where
        u1_0.email=?
2026-06-01 02:47:20 [http-nio-9989-exec-4] INFO  c.p.config.WebSocketConfig - WS Connected: Gaurav9417@GMAIL.COM
2026-06-01 02:47:20 [http-nio-9989-exec-6] DEBUG org.hibernate.SQL - 
    /* <criteria> */ select
        u1_0.id,
        u1_0.created_at,
        u1_0.created_by,
        u1_0.email,
        u1_0.is_active,
        u1_0.is_email_verified,
        u1_0.name,
        u1_0.password,
        u1_0.profile_pic,
        u1_0.refresh_token,
        u1_0.role,
        u1_0.updated_at,
        u1_0.updated_by 
    from
        users u1_0 
    where
        u1_0.email=?
2026-06-01 02:47:20 [http-nio-9989-exec-2] DEBUG org.hibernate.SQL - 
    /* <criteria> */ select
        u1_0.id,
        u1_0.created_at,
        u1_0.created_by,
        u1_0.email,
        u1_0.is_active,
        u1_0.is_email_verified,
        u1_0.name,
        u1_0.password,
        u1_0.profile_pic,
        u1_0.refresh_token,
        u1_0.role,
        u1_0.updated_at,
        u1_0.updated_by 
    from
        users u1_0 
    where
        u1_0.email=?
2026-06-01 02:47:20 [http-nio-9989-exec-9] DEBUG org.hibernate.SQL - 
    /* <criteria> */ select
        u1_0.id,
        u1_0.created_at,
        u1_0.created_by,
        u1_0.email,
        u1_0.is_active,
        u1_0.is_email_verified,
        u1_0.name,
        u1_0.password,
        u1_0.profile_pic,
        u1_0.refresh_token,
        u1_0.role,
        u1_0.updated_at,
        u1_0.updated_by 
    from
        users u1_0 
    where
        u1_0.email=?
2026-06-01 02:47:20 [http-nio-9989-exec-5] DEBUG org.hibernate.SQL - 
    /* <criteria> */ select
        u1_0.id,
        u1_0.created_at,
        u1_0.created_by,
        u1_0.email,
        u1_0.is_active,
        u1_0.is_email_verified,
        u1_0.name,
        u1_0.password,
        u1_0.profile_pic,
        u1_0.refresh_token,
        u1_0.role,
        u1_0.updated_at,
        u1_0.updated_by 
    from
        users u1_0 
    where
        u1_0.email=?
2026-06-01 02:47:20 [http-nio-9989-exec-6] DEBUG org.hibernate.SQL - 
    /* <criteria> */ select
        al1_0.id,
        al1_0.action,
        al1_0.created_at,
        al1_0.created_by,
        al1_0.entity_id,
        al1_0.entity_type,
        al1_0.new_value,
        al1_0.old_value,
        al1_0.project_id,
        al1_0.updated_at,
        al1_0.updated_by,
        al1_0.user_id 
    from
        activity_logs al1_0 
    where
        al1_0.user_id=? 
    order by
        al1_0.created_at desc,
        al1_0.created_at desc 
    offset
        ? rows 
    fetch
        first ? rows only
2026-06-01 02:47:20 [http-nio-9989-exec-2] DEBUG org.hibernate.SQL - 
    /* <criteria> */ select
        count(n1_0.id) 
    from
        notifications n1_0 
    where
        n1_0.user_id=? 
        and n1_0.is_read=?
2026-06-01 02:47:20 [http-nio-9989-exec-9] DEBUG org.hibernate.SQL - 
    /* <criteria> */ select
        t1_0.id,
        t1_0.assigned_to,
        t1_0.created_at,
        t1_0.created_by,
        t1_0.description,
        t1_0.due_date,
        t1_0.position,
        t1_0.priority,
        t1_0.project_id,
        t1_0.reporter_id,
        t1_0.sprint_id,
        t1_0.status,
        t1_0.story_points,
        t1_0.title,
        t1_0.task_type,
        t1_0.updated_at,
        t1_0.updated_by 
    from
        tasks t1_0 
    where
        t1_0.assigned_to=?
2026-06-01 02:47:20 [http-nio-9989-exec-9] DEBUG org.hibernate.SQL - 
    /* <criteria> */ select
        count(c1_0.id) 
    from
        comments c1_0 
    where
        c1_0.user_id=?
2026-06-01 02:47:20 [http-nio-9989-exec-3] DEBUG org.hibernate.SQL - 
    /* <criteria> */ select
        count(c1_0.id) 
    from
        comments c1_0 
    where
        c1_0.user_id=?
2026-06-01 02:47:20 [http-nio-9989-exec-9] DEBUG org.hibernate.SQL - 
    /* SELECT
        COUNT(p) 
    FROM
        Project p 
    WHERE
        p.owner.id = :userId */ select
            count(p1_0.id) 
        from
            projects p1_0 
        where
            p1_0.owner_id=?
2026-06-01 02:47:20 [http-nio-9989-exec-3] DEBUG org.hibernate.SQL - 
    /* SELECT
        COUNT(p) 
    FROM
        Project p 
    WHERE
        p.owner.id = :userId */ select
            count(p1_0.id) 
        from
            projects p1_0 
        where
            p1_0.owner_id=?
2026-06-01 02:47:20 [http-nio-9989-exec-3] DEBUG org.hibernate.SQL - 
    /* SELECT
        p 
    FROM
        Project p 
    WHERE
        p.owner.id = :userId */ select
            p1_0.id,
            p1_0.created_at,
            p1_0.created_by,
            p1_0.description,
            p1_0.end_date,
            p1_0.name,
            p1_0.owner_id,
            p1_0.start_date,
            p1_0.status,
            p1_0.updated_at,
            p1_0.updated_by,
            p1_0.workspace_id 
        from
            projects p1_0 
        where
            p1_0.owner_id=?
2026-06-01 02:47:20 [http-nio-9989-exec-9] DEBUG org.hibernate.SQL - 
    /* SELECT
        p 
    FROM
        Project p 
    WHERE
        p.owner.id = :userId */ select
            p1_0.id,
            p1_0.created_at,
            p1_0.created_by,
            p1_0.description,
            p1_0.end_date,
            p1_0.name,
            p1_0.owner_id,
            p1_0.start_date,
            p1_0.status,
            p1_0.updated_at,
            p1_0.updated_by,
            p1_0.workspace_id 
        from
            projects p1_0 
        where
            p1_0.owner_id=?
2026-06-01 02:47:33 [http-nio-9989-exec-10] DEBUG org.hibernate.SQL - 
    /* <criteria> */ select
        u1_0.id,
        u1_0.created_at,
        u1_0.created_by,
        u1_0.email,
        u1_0.is_active,
        u1_0.is_email_verified,
        u1_0.name,
        u1_0.password,
        u1_0.profile_pic,
        u1_0.refresh_token,
        u1_0.role,
        u1_0.updated_at,
        u1_0.updated_by 
    from
        users u1_0 
    where
        u1_0.email=?
2026-06-01 02:47:53 [http-nio-9989-exec-10] ERROR c.p.exception.GlobalExceptionHandler - Unexpected error: 
software.amazon.awssdk.services.s3.model.S3Exception: The authorization header is malformed; the region 'us-east-1' is wrong; expecting 'eu-north-1' (Service: S3, Status Code: 400, Request ID: FAD05E2P30ED3X80, Extended Request ID: LKf4FEJBm9u3gvDbLDNo5pkG2um5VaRrul/W/tg3wbaCJpNhd7Vwvlo15sq61qDgoBheiommQ6M=)
	at software.amazon.awssdk.protocols.xml.internal.unmarshall.AwsXmlPredicatedResponseHandler.handleErrorResponse(AwsXmlPredicatedResponseHandler.java:156)
	at software.amazon.awssdk.protocols.xml.internal.unmarshall.AwsXmlPredicatedResponseHandler.handleResponse(AwsXmlPredicatedResponseHandler.java:108)
	at software.amazon.awssdk.protocols.xml.internal.unmarshall.AwsXmlPredicatedResponseHandler.handle(AwsXmlPredicatedResponseHandler.java:85)
	at software.amazon.awssdk.protocols.xml.internal.unmarshall.AwsXmlPredicatedResponseHandler.handle(AwsXmlPredicatedResponseHandler.java:43)
	at software.amazon.awssdk.awscore.client.handler.AwsSyncClientHandler$Crc32ValidationResponseHandler.handle(AwsSyncClientHandler.java:95)
	at software.amazon.awssdk.core.internal.handler.BaseClientHandler.lambda$successTransformationResponseHandler$7(BaseClientHandler.java:270)
	at software.amazon.awssdk.core.internal.http.pipeline.stages.HandleResponseStage.execute(HandleResponseStage.java:40)
	at software.amazon.awssdk.core.internal.http.pipeline.stages.HandleResponseStage.execute(HandleResponseStage.java:30)
	at software.amazon.awssdk.core.internal.http.pipeline.RequestPipelineBuilder$ComposingRequestPipelineStage.execute(RequestPipelineBuilder.java:206)
	at software.amazon.awssdk.core.internal.http.pipeline.stages.ApiCallAttemptTimeoutTrackingStage.execute(ApiCallAttemptTimeoutTrackingStage.java:73)
	at software.amazon.awssdk.core.internal.http.pipeline.stages.ApiCallAttemptTimeoutTrackingStage.execute(ApiCallAttemptTimeoutTrackingStage.java:42)
	at software.amazon.awssdk.core.internal.http.pipeline.stages.TimeoutExceptionHandlingStage.execute(TimeoutExceptionHandlingStage.java:78)
	at software.amazon.awssdk.core.internal.http.pipeline.stages.TimeoutExceptionHandlingStage.execute(TimeoutExceptionHandlingStage.java:40)
	at software.amazon.awssdk.core.internal.http.pipeline.stages.ApiCallAttemptMetricCollectionStage.execute(ApiCallAttemptMetricCollectionStage.java:50)
	at software.amazon.awssdk.core.internal.http.pipeline.stages.ApiCallAttemptMetricCollectionStage.execute(ApiCallAttemptMetricCollectionStage.java:36)
	at software.amazon.awssdk.core.internal.http.pipeline.stages.RetryableStage.execute(RetryableStage.java:81)
	at software.amazon.awssdk.core.internal.http.pipeline.stages.RetryableStage.execute(RetryableStage.java:36)
	at software.amazon.awssdk.core.internal.http.pipeline.RequestPipelineBuilder$ComposingRequestPipelineStage.execute(RequestPipelineBuilder.java:206)
	at software.amazon.awssdk.core.internal.http.StreamManagingStage.execute(StreamManagingStage.java:56)
	at software.amazon.awssdk.core.internal.http.StreamManagingStage.execute(StreamManagingStage.java:36)
	at software.amazon.awssdk.core.internal.http.pipeline.stages.ApiCallTimeoutTrackingStage.executeWithTimer(ApiCallTimeoutTrackingStage.java:80)
	at software.amazon.awssdk.core.internal.http.pipeline.stages.ApiCallTimeoutTrackingStage.execute(ApiCallTimeoutTrackingStage.java:60)
	at software.amazon.awssdk.core.internal.http.pipeline.stages.ApiCallTimeoutTrackingStage.execute(ApiCallTimeoutTrackingStage.java:42)
	at software.amazon.awssdk.core.internal.http.pipeline.stages.ApiCallMetricCollectionStage.execute(ApiCallMetricCollectionStage.java:48)
	at software.amazon.awssdk.core.internal.http.pipeline.stages.ApiCallMetricCollectionStage.execute(ApiCallMetricCollectionStage.java:31)
	at software.amazon.awssdk.core.internal.http.pipeline.RequestPipelineBuilder$ComposingRequestPipelineStage.execute(RequestPipelineBuilder.java:206)
	at software.amazon.awssdk.core.internal.http.pipeline.RequestPipelineBuilder$ComposingRequestPipelineStage.execute(RequestPipelineBuilder.java:206)
	at software.amazon.awssdk.core.internal.http.pipeline.stages.ExecutionFailureExceptionReportingStage.execute(ExecutionFailureExceptionReportingStage.java:37)
	at software.amazon.awssdk.core.internal.http.pipeline.stages.ExecutionFailureExceptionReportingStage.execute(ExecutionFailureExceptionReportingStage.java:26)
	at software.amazon.awssdk.core.internal.http.AmazonSyncHttpClient$RequestExecutionBuilderImpl.execute(AmazonSyncHttpClient.java:193)
	at software.amazon.awssdk.core.internal.handler.BaseSyncClientHandler.invoke(BaseSyncClientHandler.java:103)
	at software.amazon.awssdk.core.internal.handler.BaseSyncClientHandler.doExecute(BaseSyncClientHandler.java:171)
	at software.amazon.awssdk.core.internal.handler.BaseSyncClientHandler.lambda$execute$1(BaseSyncClientHandler.java:82)
	at software.amazon.awssdk.core.internal.handler.BaseSyncClientHandler.measureApiCallSuccess(BaseSyncClientHandler.java:179)
	at software.amazon.awssdk.core.internal.handler.BaseSyncClientHandler.execute(BaseSyncClientHandler.java:76)
	at software.amazon.awssdk.core.client.handler.SdkSyncClientHandler.execute(SdkSyncClientHandler.java:45)
	at software.amazon.awssdk.awscore.client.handler.AwsSyncClientHandler.execute(AwsSyncClientHandler.java:56)
	at software.amazon.awssdk.services.s3.DefaultS3Client.putObject(DefaultS3Client.java:9326)
	at com.projectmanagement.service.impl.FileStorageServiceImpl.uploadFile(FileStorageServiceImpl.java:33)
	at com.projectmanagement.controller.v1.UserController.uploadAvatar(UserController.java:85)
	at java.base/jdk.internal.reflect.DirectMethodHandleAccessor.invoke(DirectMethodHandleAccessor.java:104)
	at java.base/java.lang.reflect.Method.invoke(Method.java:565)
	at org.springframework.web.method.support.InvocableHandlerMethod.doInvoke(InvocableHandlerMethod.java:254)
	at org.springframework.web.method.support.InvocableHandlerMethod.invokeForRequest(InvocableHandlerMethod.java:182)
	at org.springframework.web.servlet.mvc.method.annotation.ServletInvocableHandlerMethod.invokeAndHandle(ServletInvocableHandlerMethod.java:118)
	at org.springframework.web.servlet.mvc.method.annotation.RequestMappingHandlerAdapter.invokeHandlerMethod(RequestMappingHandlerAdapter.java:917)
	at org.springframework.web.servlet.mvc.method.annotation.RequestMappingHandlerAdapter.handleInternal(RequestMappingHandlerAdapter.java:829)
	at org.springframework.web.servlet.mvc.method.AbstractHandlerMethodAdapter.handle(AbstractHandlerMethodAdapter.java:87)
	at org.springframework.web.servlet.DispatcherServlet.doDispatch(DispatcherServlet.java:1089)
	at org.springframework.web.servlet.DispatcherServlet.doService(DispatcherServlet.java:979)
	at org.springframework.web.servlet.FrameworkServlet.processRequest(FrameworkServlet.java:1014)
	at org.springframework.web.servlet.FrameworkServlet.doPost(FrameworkServlet.java:914)
	at jakarta.servlet.http.HttpServlet.service(HttpServlet.java:590)
	at org.springframework.web.servlet.FrameworkServlet.service(FrameworkServlet.java:885)
	at jakarta.servlet.http.HttpServlet.service(HttpServlet.java:658)
	at org.apache.catalina.core.ApplicationFilterChain.internalDoFilter(ApplicationFilterChain.java:205)
	at org.apache.catalina.core.ApplicationFilterChain.doFilter(ApplicationFilterChain.java:149)
	at org.apache.tomcat.websocket.server.WsFilter.doFilter(WsFilter.java:51)
	at org.apache.catalina.core.ApplicationFilterChain.internalDoFilter(ApplicationFilterChain.java:174)
	at org.apache.catalina.core.ApplicationFilterChain.doFilter(ApplicationFilterChain.java:149)
	at com.projectmanagement.security.filter.RateLimitingFilter.doFilterInternal(RateLimitingFilter.java:43)
	at org.springframework.web.filter.OncePerRequestFilter.doFilter(OncePerRequestFilter.java:116)
	at org.apache.catalina.core.ApplicationFilterChain.internalDoFilter(ApplicationFilterChain.java:174)
	at org.apache.catalina.core.ApplicationFilterChain.doFilter(ApplicationFilterChain.java:149)
	at org.springframework.web.filter.OncePerRequestFilter.doFilter(OncePerRequestFilter.java:110)
	at org.apache.catalina.core.ApplicationFilterChain.internalDoFilter(ApplicationFilterChain.java:174)
	at org.apache.catalina.core.ApplicationFilterChain.doFilter(ApplicationFilterChain.java:149)
	at org.springframework.security.web.FilterChainProxy.lambda$doFilterInternal$3(FilterChainProxy.java:231)
	at org.springframework.security.web.ObservationFilterChainDecorator$FilterObservation$SimpleFilterObservation.lambda$wrap$1(ObservationFilterChainDecorator.java:479)
	at org.springframework.security.web.ObservationFilterChainDecorator$AroundFilterObservation$SimpleAroundFilterObservation.lambda$wrap$1(ObservationFilterChainDecorator.java:340)
	at org.springframework.security.web.ObservationFilterChainDecorator.lambda$wrapSecured$0(ObservationFilterChainDecorator.java:82)
	at org.springframework.security.web.ObservationFilterChainDecorator$VirtualFilterChain.doFilter(ObservationFilterChainDecorator.java:128)
	at org.springframework.security.web.access.intercept.AuthorizationFilter.doFilter(AuthorizationFilter.java:100)
	at org.springframework.security.web.ObservationFilterChainDecorator$ObservationFilter.wrapFilter(ObservationFilterChainDecorator.java:240)
	at org.springframework.security.web.ObservationFilterChainDecorator$ObservationFilter.doFilter(ObservationFilterChainDecorator.java:227)
	at org.springframework.security.web.ObservationFilterChainDecorator$VirtualFilterChain.doFilter(ObservationFilterChainDecorator.java:137)
	at org.springframework.security.web.access.ExceptionTranslationFilter.doFilter(ExceptionTranslationFilter.java:126)
	at org.springframework.security.web.access.ExceptionTranslationFilter.doFilter(ExceptionTranslationFilter.java:120)
	at org.springframework.security.web.ObservationFilterChainDecorator$ObservationFilter.wrapFilter(ObservationFilterChainDecorator.java:240)
	at org.springframework.security.web.ObservationFilterChainDecorator$ObservationFilter.doFilter(ObservationFilterChainDecorator.java:227)
	at org.springframework.security.web.ObservationFilterChainDecorator$VirtualFilterChain.doFilter(ObservationFilterChainDecorator.java:137)
	at org.springframework.security.web.session.SessionManagementFilter.doFilter(SessionManagementFilter.java:131)
	at org.springframework.security.web.session.SessionManagementFilter.doFilter(SessionManagementFilter.java:85)
	at org.springframework.security.web.ObservationFilterChainDecorator$ObservationFilter.wrapFilter(ObservationFilterChainDecorator.java:240)
	at org.springframework.security.web.ObservationFilterChainDecorator$ObservationFilter.doFilter(ObservationFilterChainDecorator.java:227)
	at org.springframework.security.web.ObservationFilterChainDecorator$VirtualFilterChain.doFilter(ObservationFilterChainDecorator.java:137)
	at org.springframework.security.web.authentication.AnonymousAuthenticationFilter.doFilter(AnonymousAuthenticationFilter.java:100)
	at org.springframework.security.web.ObservationFilterChainDecorator$ObservationFilter.wrapFilter(ObservationFilterChainDecorator.java:240)
	at org.springframework.security.web.ObservationFilterChainDecorator$ObservationFilter.doFilter(ObservationFilterChainDecorator.java:227)
	at org.springframework.security.web.ObservationFilterChainDecorator$VirtualFilterChain.doFilter(ObservationFilterChainDecorator.java:137)
	at org.springframework.security.web.servletapi.SecurityContextHolderAwareRequestFilter.doFilter(SecurityContextHolderAwareRequestFilter.java:179)
	at org.springframework.security.web.ObservationFilterChainDecorator$ObservationFilter.wrapFilter(ObservationFilterChainDecorator.java:240)
	at org.springframework.security.web.ObservationFilterChainDecorator$ObservationFilter.doFilter(ObservationFilterChainDecorator.java:227)
	at org.springframework.security.web.ObservationFilterChainDecorator$VirtualFilterChain.doFilter(ObservationFilterChainDecorator.java:137)
	at org.springframework.security.web.savedrequest.RequestCacheAwareFilter.doFilter(RequestCacheAwareFilter.java:63)
	at org.springframework.security.web.ObservationFilterChainDecorator$ObservationFilter.wrapFilter(ObservationFilterChainDecorator.java:240)
	at org.springframework.security.web.ObservationFilterChainDecorator$ObservationFilter.doFilter(ObservationFilterChainDecorator.java:227)
	at org.springframework.security.web.ObservationFilterChainDecorator$VirtualFilterChain.doFilter(ObservationFilterChainDecorator.java:137)
	at com.projectmanagement.security.filter.JwtAuthenticationFilter.doFilterInternal(JwtAuthenticationFilter.java:85)
	at org.springframework.web.filter.OncePerRequestFilter.doFilter(OncePerRequestFilter.java:116)
	at org.springframework.security.web.ObservationFilterChainDecorator$ObservationFilter.wrapFilter(ObservationFilterChainDecorator.java:240)
	at org.springframework.security.web.ObservationFilterChainDecorator$ObservationFilter.doFilter(ObservationFilterChainDecorator.java:227)
	at org.springframework.security.web.ObservationFilterChainDecorator$VirtualFilterChain.doFilter(ObservationFilterChainDecorator.java:137)
	at org.springframework.security.web.authentication.logout.LogoutFilter.doFilter(LogoutFilter.java:107)
	at org.springframework.security.web.authentication.logout.LogoutFilter.doFilter(LogoutFilter.java:93)
	at org.springframework.security.web.ObservationFilterChainDecorator$ObservationFilter.wrapFilter(ObservationFilterChainDecorator.java:240)
	at org.springframework.security.web.ObservationFilterChainDecorator$ObservationFilter.doFilter(ObservationFilterChainDecorator.java:227)
	at org.springframework.security.web.ObservationFilterChainDecorator$VirtualFilterChain.doFilter(ObservationFilterChainDecorator.java:137)
	at org.springframework.web.filter.OncePerRequestFilter.doFilter(OncePerRequestFilter.java:110)
	at org.springframework.security.web.ObservationFilterChainDecorator$ObservationFilter.wrapFilter(ObservationFilterChainDecorator.java:240)
	at org.springframework.security.web.ObservationFilterChainDecorator$ObservationFilter.doFilter(ObservationFilterChainDecorator.java:227)
	at org.springframework.security.web.ObservationFilterChainDecorator$VirtualFilterChain.doFilter(ObservationFilterChainDecorator.java:137)
	at org.springframework.web.filter.CorsFilter.doFilterInternal(CorsFilter.java:91)
	at org.springframework.web.filter.OncePerRequestFilter.doFilter(OncePerRequestFilter.java:116)
	at org.springframework.security.web.ObservationFilterChainDecorator$ObservationFilter.wrapFilter(ObservationFilterChainDecorator.java:240)
	at org.springframework.security.web.ObservationFilterChainDecorator$ObservationFilter.doFilter(ObservationFilterChainDecorator.java:227)
	at org.springframework.security.web.ObservationFilterChainDecorator$VirtualFilterChain.doFilter(ObservationFilterChainDecorator.java:137)
	at org.springframework.security.web.header.HeaderWriterFilter.doHeadersAfter(HeaderWriterFilter.java:90)
	at org.springframework.security.web.header.HeaderWriterFilter.doFilterInternal(HeaderWriterFilter.java:75)
	at org.springframework.web.filter.OncePerRequestFilter.doFilter(OncePerRequestFilter.java:116)
	at org.springframework.security.web.ObservationFilterChainDecorator$ObservationFilter.wrapFilter(ObservationFilterChainDecorator.java:240)
	at org.springframework.security.web.ObservationFilterChainDecorator$ObservationFilter.doFilter(ObservationFilterChainDecorator.java:227)
	at org.springframework.security.web.ObservationFilterChainDecorator$VirtualFilterChain.doFilter(ObservationFilterChainDecorator.java:137)
	at org.springframework.security.web.context.SecurityContextHolderFilter.doFilter(SecurityContextHolderFilter.java:82)
	at org.springframework.security.web.context.SecurityContextHolderFilter.doFilter(SecurityContextHolderFilter.java:69)
	at org.springframework.security.web.ObservationFilterChainDecorator$ObservationFilter.wrapFilter(ObservationFilterChainDecorator.java:240)
	at org.springframework.security.web.ObservationFilterChainDecorator$ObservationFilter.doFilter(ObservationFilterChainDecorator.java:227)
	at org.springframework.security.web.ObservationFilterChainDecorator$VirtualFilterChain.doFilter(ObservationFilterChainDecorator.java:137)
	at org.springframework.security.web.context.request.async.WebAsyncManagerIntegrationFilter.doFilterInternal(WebAsyncManagerIntegrationFilter.java:62)
	at org.springframework.web.filter.OncePerRequestFilter.doFilter(OncePerRequestFilter.java:116)
	at org.springframework.security.web.ObservationFilterChainDecorator$ObservationFilter.wrapFilter(ObservationFilterChainDecorator.java:240)
	at org.springframework.security.web.ObservationFilterChainDecorator$ObservationFilter.doFilter(ObservationFilterChainDecorator.java:227)
	at org.springframework.security.web.ObservationFilterChainDecorator$VirtualFilterChain.doFilter(ObservationFilterChainDecorator.java:137)
	at org.springframework.security.web.session.DisableEncodeUrlFilter.doFilterInternal(DisableEncodeUrlFilter.java:42)
	at org.springframework.web.filter.OncePerRequestFilter.doFilter(OncePerRequestFilter.java:116)
	at org.springframework.security.web.ObservationFilterChainDecorator$ObservationFilter.wrapFilter(ObservationFilterChainDecorator.java:240)
	at org.springframework.security.web.ObservationFilterChainDecorator$AroundFilterObservation$SimpleAroundFilterObservation.lambda$wrap$0(ObservationFilterChainDecorator.java:323)
	at org.springframework.security.web.ObservationFilterChainDecorator$ObservationFilter.doFilter(ObservationFilterChainDecorator.java:224)
	at org.springframework.security.web.ObservationFilterChainDecorator$VirtualFilterChain.doFilter(ObservationFilterChainDecorator.java:137)
	at org.springframework.security.web.FilterChainProxy.doFilterInternal(FilterChainProxy.java:233)
	at org.springframework.security.web.FilterChainProxy.doFilter(FilterChainProxy.java:191)
	at org.springframework.web.filter.DelegatingFilterProxy.invokeDelegate(DelegatingFilterProxy.java:352)
	at org.springframework.web.filter.DelegatingFilterProxy.doFilter(DelegatingFilterProxy.java:268)
	at org.apache.catalina.core.ApplicationFilterChain.internalDoFilter(ApplicationFilterChain.java:174)
	at org.apache.catalina.core.ApplicationFilterChain.doFilter(ApplicationFilterChain.java:149)
	at org.springframework.web.filter.RequestContextFilter.doFilterInternal(RequestContextFilter.java:100)
	at org.springframework.web.filter.OncePerRequestFilter.doFilter(OncePerRequestFilter.java:116)
	at org.apache.catalina.core.ApplicationFilterChain.internalDoFilter(ApplicationFilterChain.java:174)
	at org.apache.catalina.core.ApplicationFilterChain.doFilter(ApplicationFilterChain.java:149)
	at org.springframework.web.filter.FormContentFilter.doFilterInternal(FormContentFilter.java:93)
	at org.springframework.web.filter.OncePerRequestFilter.doFilter(OncePerRequestFilter.java:116)
	at org.apache.catalina.core.ApplicationFilterChain.internalDoFilter(ApplicationFilterChain.java:174)
	at org.apache.catalina.core.ApplicationFilterChain.doFilter(ApplicationFilterChain.java:149)
	at org.springframework.web.filter.ServerHttpObservationFilter.doFilterInternal(ServerHttpObservationFilter.java:109)
	at org.springframework.web.filter.OncePerRequestFilter.doFilter(OncePerRequestFilter.java:116)
	at org.apache.catalina.core.ApplicationFilterChain.internalDoFilter(ApplicationFilterChain.java:174)
	at org.apache.catalina.core.ApplicationFilterChain.doFilter(ApplicationFilterChain.java:149)
	at org.springframework.web.filter.CharacterEncodingFilter.doFilterInternal(CharacterEncodingFilter.java:201)
	at org.springframework.web.filter.OncePerRequestFilter.doFilter(OncePerRequestFilter.java:116)
	at org.apache.catalina.core.ApplicationFilterChain.internalDoFilter(ApplicationFilterChain.java:174)
	at org.apache.catalina.core.ApplicationFilterChain.doFilter(ApplicationFilterChain.java:149)
	at org.apache.catalina.core.StandardWrapperValve.invoke(StandardWrapperValve.java:167)
	at org.apache.catalina.core.StandardContextValve.invoke(StandardContextValve.java:90)
	at org.apache.catalina.authenticator.AuthenticatorBase.invoke(AuthenticatorBase.java:482)
	at org.apache.catalina.core.StandardHostValve.invoke(StandardHostValve.java:115)
	at org.apache.catalina.valves.ErrorReportValve.invoke(ErrorReportValve.java:93)
	at org.apache.catalina.core.StandardEngineValve.invoke(StandardEngineValve.java:74)
	at org.apache.catalina.connector.CoyoteAdapter.service(CoyoteAdapter.java:340)
	at org.apache.coyote.http11.Http11Processor.service(Http11Processor.java:391)
	at org.apache.coyote.AbstractProcessorLight.process(AbstractProcessorLight.java:63)
	at org.apache.coyote.AbstractProtocol$ConnectionHandler.process(AbstractProtocol.java:896)
	at org.apache.tomcat.util.net.NioEndpoint$SocketProcessor.doRun(NioEndpoint.java:1744)
	at org.apache.tomcat.util.net.SocketProcessorBase.run(SocketProcessorBase.java:52)
	at org.apache.tomcat.util.threads.ThreadPoolExecutor.runWorker(ThreadPoolExecutor.java:1191)
	at org.apache.tomcat.util.threads.ThreadPoolExecutor$Worker.run(ThreadPoolExecutor.java:659)
	at org.apache.tomcat.util.threads.TaskThread$WrappingRunnable.run(TaskThread.java:61)
	at java.base/java.lang.Thread.run(Thread.java:1447)
2026-06-01 02:47:53 [http-nio-9989-exec-10] WARN  o.s.w.s.m.m.a.ExceptionHandlerExceptionResolver - Resolved [software.amazon.awssdk.services.s3.model.S3Exception: The authorization header is malformed; the region 'us-east-1' is wrong; expecting 'eu-north-1' (Service: S3, Status Code: 400, Request ID: FAD05E2P30ED3X80, Extended Request ID: LKf4FEJBm9u3gvDbLDNo5pkG2um5VaRrul/W/tg3wbaCJpNhd7Vwvlo15sq61qDgoBheiommQ6M=)]
2026-06-01 02:48:25 [http-nio-9989-exec-2] DEBUG org.hibernate.SQL - 
    /* <criteria> */ select
        u1_0.id,
        u1_0.created_at,
        u1_0.created_by,
        u1_0.email,
        u1_0.is_active,
        u1_0.is_email_verified,
        u1_0.name,
        u1_0.password,
        u1_0.profile_pic,
        u1_0.refresh_token,
        u1_0.role,
        u1_0.updated_at,
        u1_0.updated_by 
    from
        users u1_0 
    where
        u1_0.email=?
2026-06-01 02:48:25 [http-nio-9989-exec-7] DEBUG org.hibernate.SQL - 
    /* <criteria> */ select
        u1_0.id,
        u1_0.created_at,
        u1_0.created_by,
        u1_0.email,
        u1_0.is_active,
        u1_0.is_email_verified,
        u1_0.name,
        u1_0.password,
        u1_0.profile_pic,
        u1_0.refresh_token,
        u1_0.role,
        u1_0.updated_at,
        u1_0.updated_by 
    from
        users u1_0 
    where
        u1_0.email=?
2026-06-01 02:48:25 [http-nio-9989-exec-3] DEBUG org.hibernate.SQL - 
    /* <criteria> */ select
        u1_0.id,
        u1_0.created_at,
        u1_0.created_by,
        u1_0.email,
        u1_0.is_active,
        u1_0.is_email_verified,
        u1_0.name,
        u1_0.password,
        u1_0.profile_pic,
        u1_0.refresh_token,
        u1_0.role,
        u1_0.updated_at,
        u1_0.updated_by 
    from
        users u1_0 
    where
        u1_0.email=?
2026-06-01 02:48:25 [http-nio-9989-exec-5] DEBUG org.hibernate.SQL - 
    /* <criteria> */ select
        u1_0.id,
        u1_0.created_at,
        u1_0.created_by,
        u1_0.email,
        u1_0.is_active,
        u1_0.is_email_verified,
        u1_0.name,
        u1_0.password,
        u1_0.profile_pic,
        u1_0.refresh_token,
        u1_0.role,
        u1_0.updated_at,
        u1_0.updated_by 
    from
        users u1_0 
    where
        u1_0.email=?
2026-06-01 02:48:25 [http-nio-9989-exec-8] DEBUG org.hibernate.SQL - 
    /* <criteria> */ select
        u1_0.id,
        u1_0.created_at,
        u1_0.created_by,
        u1_0.email,
        u1_0.is_active,
        u1_0.is_email_verified,
        u1_0.name,
        u1_0.password,
        u1_0.profile_pic,
        u1_0.refresh_token,
        u1_0.role,
        u1_0.updated_at,
        u1_0.updated_by 
    from
        users u1_0 
    where
        u1_0.email=?
2026-06-01 02:48:25 [http-nio-9989-exec-4] DEBUG org.hibernate.SQL - 
    /* <criteria> */ select
        u1_0.id,
        u1_0.created_at,
        u1_0.created_by,
        u1_0.email,
        u1_0.is_active,
        u1_0.is_email_verified,
        u1_0.name,
        u1_0.password,
        u1_0.profile_pic,
        u1_0.refresh_token,
        u1_0.role,
        u1_0.updated_at,
        u1_0.updated_by 
    from
        users u1_0 
    where
        u1_0.email=?
2026-06-01 02:48:25 [http-nio-9989-exec-8] DEBUG org.hibernate.SQL - 
    /* <criteria> */ select
        count(n1_0.id) 
    from
        notifications n1_0 
    where
        n1_0.user_id=? 
        and n1_0.is_read=?
2026-06-01 02:48:25 [http-nio-9989-exec-2] DEBUG org.hibernate.SQL - 
    /* <criteria> */ select
        count(n1_0.id) 
    from
        notifications n1_0 
    where
        n1_0.user_id=? 
        and n1_0.is_read=?
2026-06-01 02:48:25 [http-nio-9989-exec-3] DEBUG org.hibernate.SQL - 
    /* <criteria> */ select
        count(n1_0.id) 
    from
        notifications n1_0 
    where
        n1_0.user_id=? 
        and n1_0.is_read=?
2026-06-01 02:48:25 [http-nio-9989-exec-4] DEBUG org.hibernate.SQL - 
    /* <criteria> */ select
        count(n1_0.id) 
    from
        notifications n1_0 
    where
        n1_0.user_id=? 
        and n1_0.is_read=?
2026-06-01 02:48:38 [http-nio-9989-exec-10] DEBUG org.hibernate.SQL - 
    /* <criteria> */ select
        u1_0.id,
        u1_0.created_at,
        u1_0.created_by,
        u1_0.email,
        u1_0.is_active,
        u1_0.is_email_verified,
        u1_0.name,
        u1_0.password,
        u1_0.profile_pic,
        u1_0.refresh_token,
        u1_0.role,
        u1_0.updated_at,
        u1_0.updated_by 
    from
        users u1_0 
    where
        u1_0.email=?
2026-06-01 02:48:39 [http-nio-9989-exec-10] DEBUG org.hibernate.SQL - 
    /* SELECT
        u 
    FROM
        User u 
    WHERE
        LOWER(u.name) LIKE LOWER(CONCAT('%', :query, '%')) 
        OR LOWER(u.email) LIKE LOWER(CONCAT('%', :query, '%')) */ select
            u1_0.id,
            u1_0.created_at,
            u1_0.created_by,
            u1_0.email,
            u1_0.is_active,
            u1_0.is_email_verified,
            u1_0.name,
            u1_0.password,
            u1_0.profile_pic,
            u1_0.refresh_token,
            u1_0.role,
            u1_0.updated_at,
            u1_0.updated_by 
        from
            users u1_0 
        where
            lower(u1_0.name) like lower(('%'||?||'%')) escape '' 
            or lower(u1_0.email) like lower(('%'||?||'%')) escape ''
2026-06-01 02:48:48 [http-nio-9989-exec-1] DEBUG org.hibernate.SQL - 
    /* <criteria> */ select
        u1_0.id,
        u1_0.created_at,
        u1_0.created_by,
        u1_0.email,
        u1_0.is_active,
        u1_0.is_email_verified,
        u1_0.name,
        u1_0.password,
        u1_0.profile_pic,
        u1_0.refresh_token,
        u1_0.role,
        u1_0.updated_at,
        u1_0.updated_by 
    from
        users u1_0 
    where
        u1_0.email=?
2026-06-01 02:48:48 [http-nio-9989-exec-1] WARN  o.s.w.s.m.m.a.ExceptionHandlerExceptionResolver - Resolved [org.springframework.web.bind.MethodArgumentNotValidException: Validation failed for argument [0] in public org.springframework.http.ResponseEntity<com.projectmanagement.dto.response.common.ApiResponse<com.projectmanagement.dto.response.project.ProjectResponse>> com.projectmanagement.controller.v1.ProjectFlatController.create(com.projectmanagement.dto.request.project.CreateProjectRequest,com.projectmanagement.entity.User): [Field error in object 'createProjectRequest' on field 'workspaceId': rejected value [null]; codes [NotNull.createProjectRequest.workspaceId,NotNull.workspaceId,NotNull.java.util.UUID,NotNull]; arguments [org.springframework.context.support.DefaultMessageSourceResolvable: codes [createProjectRequest.workspaceId,workspaceId]; arguments []; default message [workspaceId]]; default message [Workspace ID is required]] ]
2026-06-01 02:49:07 [MessageBroker-4] INFO  o.s.w.s.c.WebSocketMessageBrokerStats - WebSocketSession[2 current WS(2)-HttpStream(0)-HttpPoll(0), 8 total, 0 closed abnormally (0 connect failure, 0 send limit, 4 transport error)], stompSubProtocol[processed CONNECT(8)-CONNECTED(8)-DISCONNECT(0)], stompBrokerRelay[null], inboundChannel[pool size = 16, active threads = 0, queued tasks = 0, completed tasks = 108], outboundChannel[pool size = 0, active threads = 0, queued tasks = 0, completed tasks = 14], sockJsScheduler[pool size = 8, active threads = 1, queued tasks = 5, completed tasks = 5064]
2026-06-01 02:59:59 [http-nio-9989-exec-5] DEBUG org.hibernate.SQL - 
    /* <criteria> */ select
        u1_0.id,
        u1_0.created_at,
        u1_0.created_by,
        u1_0.email,
        u1_0.is_active,
        u1_0.is_email_verified,
        u1_0.name,
        u1_0.password,
        u1_0.profile_pic,
        u1_0.refresh_token,
        u1_0.role,
        u1_0.updated_at,
        u1_0.updated_by 
    from
        users u1_0 
    where
        u1_0.email=?
2026-06-01 02:59:59 [http-nio-9989-exec-1] DEBUG org.hibernate.SQL - 
    /* <criteria> */ select
        u1_0.id,
        u1_0.created_at,
        u1_0.created_by,
        u1_0.email,
        u1_0.is_active,
        u1_0.is_email_verified,
        u1_0.name,
        u1_0.password,
        u1_0.profile_pic,
        u1_0.refresh_token,
        u1_0.role,
        u1_0.updated_at,
        u1_0.updated_by 
    from
        users u1_0 
    where
        u1_0.email=?
2026-06-01 02:59:59 [http-nio-9989-exec-4] DEBUG org.hibernate.SQL - 
    /* <criteria> */ select
        u1_0.id,
        u1_0.created_at,
        u1_0.created_by,
        u1_0.email,
        u1_0.is_active,
        u1_0.is_email_verified,
        u1_0.name,
        u1_0.password,
        u1_0.profile_pic,
        u1_0.refresh_token,
        u1_0.role,
        u1_0.updated_at,
        u1_0.updated_by 
    from
        users u1_0 
    where
        u1_0.email=?
2026-06-01 02:59:59 [http-nio-9989-exec-5] DEBUG org.hibernate.SQL - 
    /* <criteria> */ select
        count(n1_0.id) 
    from
        notifications n1_0 
    where
        n1_0.user_id=? 
        and n1_0.is_read=?
2026-06-01 02:59:59 [http-nio-9989-exec-4] DEBUG org.hibernate.SQL - 
    /* <criteria> */ select
        count(n1_0.id) 
    from
        notifications n1_0 
    where
        n1_0.user_id=? 
        and n1_0.is_read=?
2026-06-01 03:05:00 [http-nio-9989-exec-4] DEBUG org.hibernate.SQL - 
    /* <criteria> */ select
        u1_0.id,
        u1_0.created_at,
        u1_0.created_by,
        u1_0.email,
        u1_0.is_active,
        u1_0.is_email_verified,
        u1_0.name,
        u1_0.password,
        u1_0.profile_pic,
        u1_0.refresh_token,
        u1_0.role,
        u1_0.updated_at,
        u1_0.updated_by 
    from
        users u1_0 
    where
        u1_0.email=?
2026-06-01 03:05:00 [http-nio-9989-exec-4] INFO  c.p.config.WebSocketConfig - WS Connected: Gaurav9417@GMAIL.COM
2026-06-01 03:05:00 [http-nio-9989-exec-8] DEBUG org.hibernate.SQL - 
    /* <criteria> */ select
        u1_0.id,
        u1_0.created_at,
        u1_0.created_by,
        u1_0.email,
        u1_0.is_active,
        u1_0.is_email_verified,
        u1_0.name,
        u1_0.password,
        u1_0.profile_pic,
        u1_0.refresh_token,
        u1_0.role,
        u1_0.updated_at,
        u1_0.updated_by 
    from
        users u1_0 
    where
        u1_0.email=?
2026-06-01 03:05:00 [http-nio-9989-exec-8] INFO  c.p.config.WebSocketConfig - WS Connected: Gaurav9417@GMAIL.COM
2026-06-01 03:20:04 [HikariPoolPM housekeeper] WARN  com.zaxxer.hikari.pool.HikariPool - HikariPoolPM - Thread starvation or clock leap detected (housekeeper delta=15m27s422ms).
2026-06-01 03:36:02 [HikariPoolPM housekeeper] WARN  com.zaxxer.hikari.pool.HikariPool - HikariPoolPM - Thread starvation or clock leap detected (housekeeper delta=15m28s535ms).
2026-06-01 03:53:05 [HikariPoolPM housekeeper] WARN  com.zaxxer.hikari.pool.HikariPool - HikariPoolPM - Thread starvation or clock leap detected (housekeeper delta=16m32s642ms).
2026-06-01 04:09:03 [HikariPoolPM housekeeper] WARN  com.zaxxer.hikari.pool.HikariPool - HikariPoolPM - Thread starvation or clock leap detected (housekeeper delta=15m28s577ms).
2026-06-01 04:24:41 [HikariPoolPM housekeeper] WARN  com.zaxxer.hikari.pool.HikariPool - HikariPoolPM - Thread starvation or clock leap detected (housekeeper delta=15m37s207ms).
2026-06-01 04:41:05 [HikariPoolPM housekeeper] WARN  com.zaxxer.hikari.pool.HikariPool - HikariPoolPM - Thread starvation or clock leap detected (housekeeper delta=15m54s282ms).
2026-06-01 04:57:13 [HikariPoolPM housekeeper] WARN  com.zaxxer.hikari.pool.HikariPool - HikariPoolPM - Thread starvation or clock leap detected (housekeeper delta=16m8s359ms).
2026-06-01 05:06:22 [HikariPoolPM housekeeper] WARN  com.zaxxer.hikari.pool.HikariPool - HikariPoolPM - Thread starvation or clock leap detected (housekeeper delta=8m8s360ms).
2026-06-01 05:23:57 [HikariPoolPM housekeeper] WARN  com.zaxxer.hikari.pool.HikariPool - HikariPoolPM - Thread starvation or clock leap detected (housekeeper delta=17m35s10ms).
2026-06-01 05:41:46 [HikariPoolPM housekeeper] WARN  com.zaxxer.hikari.pool.HikariPool - HikariPoolPM - Thread starvation or clock leap detected (housekeeper delta=16m49s251ms).
2026-06-01 05:57:55 [HikariPoolPM housekeeper] WARN  com.zaxxer.hikari.pool.HikariPool - HikariPoolPM - Thread starvation or clock leap detected (housekeeper delta=16m9s331ms).
2026-06-01 06:07:15 [HikariPoolPM housekeeper] WARN  com.zaxxer.hikari.pool.HikariPool - HikariPoolPM - Thread starvation or clock leap detected (housekeeper delta=8m49s659ms).
2026-06-01 06:23:38 [HikariPoolPM housekeeper] WARN  com.zaxxer.hikari.pool.HikariPool - HikariPoolPM - Thread starvation or clock leap detected (housekeeper delta=16m22s659ms).
2026-06-01 06:40:00 [HikariPoolPM housekeeper] WARN  com.zaxxer.hikari.pool.HikariPool - HikariPoolPM - Thread starvation or clock leap detected (housekeeper delta=15m52s183ms).
2026-06-01 06:56:33 [HikariPoolPM housekeeper] WARN  com.zaxxer.hikari.pool.HikariPool - HikariPoolPM - Thread starvation or clock leap detected (housekeeper delta=16m3s735ms).
2026-06-01 07:08:18 [HikariPoolPM housekeeper] WARN  com.zaxxer.hikari.pool.HikariPool - HikariPoolPM - Thread starvation or clock leap detected (housekeeper delta=11m14s557ms).
2026-06-01 07:24:35 [HikariPoolPM housekeeper] WARN  com.zaxxer.hikari.pool.HikariPool - HikariPoolPM - Thread starvation or clock leap detected (housekeeper delta=16m16s655ms).
2026-06-01 07:24:35 [MessageBroker-1] INFO  o.s.w.s.c.WebSocketMessageBrokerStats - WebSocketSession[2 current WS(2)-HttpStream(0)-HttpPoll(0), 10 total, 0 closed abnormally (0 connect failure, 0 send limit, 6 transport error)], stompSubProtocol[processed CONNECT(10)-CONNECTED(10)-DISCONNECT(0)], stompBrokerRelay[null], inboundChannel[pool size = 0, active threads = 0, queued tasks = 0, completed tasks = 138], outboundChannel[pool size = 0, active threads = 0, queued tasks = 0, completed tasks = 18], sockJsScheduler[pool size = 8, active threads = 1, queued tasks = 5, completed tasks = 5567]
2026-06-01 07:41:01 [HikariPoolPM housekeeper] WARN  com.zaxxer.hikari.pool.HikariPool - HikariPoolPM - Thread starvation or clock leap detected (housekeeper delta=15m56s107ms).
2026-06-01 07:56:43 [HikariPoolPM housekeeper] WARN  com.zaxxer.hikari.pool.HikariPool - HikariPoolPM - Thread starvation or clock leap detected (housekeeper delta=15m42s296ms).
2026-06-01 08:09:21 [HikariPoolPM housekeeper] WARN  com.zaxxer.hikari.pool.HikariPool - HikariPoolPM - Thread starvation or clock leap detected (housekeeper delta=11m38s140ms).
2026-06-01 08:26:10 [HikariPoolPM housekeeper] WARN  com.zaxxer.hikari.pool.HikariPool - HikariPoolPM - Thread starvation or clock leap detected (housekeeper delta=16m48s474ms).
2026-06-01 08:42:23 [HikariPoolPM housekeeper] WARN  com.zaxxer.hikari.pool.HikariPool - HikariPoolPM - Thread starvation or clock leap detected (housekeeper delta=15m42s806ms).
2026-06-01 08:58:24 [HikariPoolPM housekeeper] WARN  com.zaxxer.hikari.pool.HikariPool - HikariPoolPM - Thread starvation or clock leap detected (housekeeper delta=16m1s320ms).
2026-06-01 09:10:24 [HikariPoolPM housekeeper] WARN  com.zaxxer.hikari.pool.HikariPool - HikariPoolPM - Thread starvation or clock leap detected (housekeeper delta=11m162ms).
2026-06-01 09:26:46 [HikariPoolPM housekeeper] WARN  com.zaxxer.hikari.pool.HikariPool - HikariPoolPM - Thread starvation or clock leap detected (housekeeper delta=16m21s710ms).
2026-06-01 09:42:45 [HikariPoolPM housekeeper] WARN  com.zaxxer.hikari.pool.HikariPool - HikariPoolPM - Thread starvation or clock leap detected (housekeeper delta=15m28s746ms).
2026-06-01 09:50:29 [HikariPoolPM housekeeper] WARN  com.zaxxer.hikari.pool.HikariPool - HikariPoolPM - Thread starvation or clock leap detected (housekeeper delta=7m44s306ms).
2026-06-01 10:07:02 [HikariPoolPM housekeeper] WARN  com.zaxxer.hikari.pool.HikariPool - HikariPoolPM - Thread starvation or clock leap detected (housekeeper delta=16m2s754ms).
2026-06-01 10:11:12 [HikariPoolPM housekeeper] WARN  com.zaxxer.hikari.pool.HikariPool - HikariPoolPM - Thread starvation or clock leap detected (housekeeper delta=3m39s922ms).
2026-06-01 10:27:27 [HikariPoolPM housekeeper] WARN  com.zaxxer.hikari.pool.HikariPool - HikariPoolPM - Thread starvation or clock leap detected (housekeeper delta=15m45s771ms).
2026-06-01 10:44:06 [HikariPoolPM housekeeper] WARN  com.zaxxer.hikari.pool.HikariPool - HikariPoolPM - Thread starvation or clock leap detected (housekeeper delta=16m39s176ms).
2026-06-01 11:01:19 [HikariPoolPM housekeeper] WARN  com.zaxxer.hikari.pool.HikariPool - HikariPoolPM - Thread starvation or clock leap detected (housekeeper delta=16m42s324ms).
2026-06-01 11:12:15 [HikariPoolPM housekeeper] WARN  com.zaxxer.hikari.pool.HikariPool - HikariPoolPM - Thread starvation or clock leap detected (housekeeper delta=10m26s314ms).
2026-06-01 11:24:28 [HikariPoolPM housekeeper] WARN  com.zaxxer.hikari.pool.HikariPool - HikariPoolPM - Thread starvation or clock leap detected (housekeeper delta=12m12s586ms).
2026-06-01 11:30:13 [HikariPoolPM housekeeper] WARN  com.zaxxer.hikari.pool.HikariPool - HikariPoolPM - Thread starvation or clock leap detected (housekeeper delta=5m15s324ms).
2026-06-01 11:38:57 [HikariPoolPM housekeeper] WARN  com.zaxxer.hikari.pool.HikariPool - HikariPoolPM - Thread starvation or clock leap detected (housekeeper delta=8m14s132ms).
2026-06-01 11:46:43 [HikariPoolPM housekeeper] WARN  com.zaxxer.hikari.pool.HikariPool - HikariPoolPM - Thread starvation or clock leap detected (housekeeper delta=7m45s557ms).
2026-06-01 11:59:43 [MessageBroker-6] INFO  o.s.w.s.c.WebSocketMessageBrokerStats - WebSocketSession[2 current WS(2)-HttpStream(0)-HttpPoll(0), 10 total, 0 closed abnormally (0 connect failure, 0 send limit, 6 transport error)], stompSubProtocol[processed CONNECT(10)-CONNECTED(10)-DISCONNECT(0)], stompBrokerRelay[null], inboundChannel[pool size = 0, active threads = 0, queued tasks = 0, completed tasks = 138], outboundChannel[pool size = 0, active threads = 0, queued tasks = 0, completed tasks = 18], sockJsScheduler[pool size = 8, active threads = 1, queued tasks = 5, completed tasks = 6072]
2026-06-01 12:02:01 [http-nio-9989-exec-4] DEBUG org.hibernate.SQL - 
    /* <criteria> */ select
        u1_0.id,
        u1_0.created_at,
        u1_0.created_by,
        u1_0.email,
        u1_0.is_active,
        u1_0.is_email_verified,
        u1_0.name,
        u1_0.password,
        u1_0.profile_pic,
        u1_0.refresh_token,
        u1_0.role,
        u1_0.updated_at,
        u1_0.updated_by 
    from
        users u1_0 
    where
        u1_0.email=?
2026-06-01 12:02:01 [http-nio-9989-exec-4] INFO  c.p.config.WebSocketConfig - WS Connected: Gaurav9417@GMAIL.COM
2026-06-01 12:02:01 [http-nio-9989-exec-3] DEBUG org.hibernate.SQL - 
    /* <criteria> */ select
        u1_0.id,
        u1_0.created_at,
        u1_0.created_by,
        u1_0.email,
        u1_0.is_active,
        u1_0.is_email_verified,
        u1_0.name,
        u1_0.password,
        u1_0.profile_pic,
        u1_0.refresh_token,
        u1_0.role,
        u1_0.updated_at,
        u1_0.updated_by 
    from
        users u1_0 
    where
        u1_0.email=?
2026-06-01 12:02:01 [http-nio-9989-exec-3] INFO  c.p.config.WebSocketConfig - WS Connected: Gaurav9417@GMAIL.COM
2026-06-01 12:45:57 [HikariPoolPM housekeeper] WARN  com.zaxxer.hikari.pool.HikariPool - HikariPoolPM - Thread starvation or clock leap detected (housekeeper delta=44m13s767ms).
2026-06-01 13:13:26 [MessageBroker-6] INFO  o.s.w.s.c.WebSocketMessageBrokerStats - WebSocketSession[2 current WS(2)-HttpStream(0)-HttpPoll(0), 12 total, 0 closed abnormally (0 connect failure, 0 send limit, 8 transport error)], stompSubProtocol[processed CONNECT(12)-CONNECTED(12)-DISCONNECT(0)], stompBrokerRelay[null], inboundChannel[pool size = 0, active threads = 0, queued tasks = 0, completed tasks = 162], outboundChannel[pool size = 0, active threads = 0, queued tasks = 0, completed tasks = 22], sockJsScheduler[pool size = 8, active threads = 1, queued tasks = 5, completed tasks = 6577]
2026-06-01 13:43:26 [MessageBroker-6] INFO  o.s.w.s.c.WebSocketMessageBrokerStats - WebSocketSession[2 current WS(2)-HttpStream(0)-HttpPoll(0), 12 total, 0 closed abnormally (0 connect failure, 0 send limit, 8 transport error)], stompSubProtocol[processed CONNECT(12)-CONNECTED(12)-DISCONNECT(0)], stompBrokerRelay[null], inboundChannel[pool size = 0, active threads = 0, queued tasks = 0, completed tasks = 162], outboundChannel[pool size = 0, active threads = 0, queued tasks = 0, completed tasks = 22], sockJsScheduler[pool size = 8, active threads = 1, queued tasks = 5, completed tasks = 7082]
2026-06-01 14:13:26 [MessageBroker-5] INFO  o.s.w.s.c.WebSocketMessageBrokerStats - WebSocketSession[2 current WS(2)-HttpStream(0)-HttpPoll(0), 12 total, 0 closed abnormally (0 connect failure, 0 send limit, 8 transport error)], stompSubProtocol[processed CONNECT(12)-CONNECTED(12)-DISCONNECT(0)], stompBrokerRelay[null], inboundChannel[pool size = 0, active threads = 0, queued tasks = 0, completed tasks = 162], outboundChannel[pool size = 0, active threads = 0, queued tasks = 0, completed tasks = 22], sockJsScheduler[pool size = 8, active threads = 1, queued tasks = 5, completed tasks = 7587]
